[2026-07-08 10:07:20.775] [INFO ] [background-preinit] org.hibernate.validator.internal.util.Version HV000001: Hibernate Validator 8.0.3.Final
[2026-07-08 10:07:20.976] [INFO ] [restartedMain] com.webjjang.api.WebjjangBackApplication Starting WebjjangBackApplication using Java 17.0.11 with PID 2088 (D:\FullStack\workspace\springboot-react-project\springboot_react_project\webjjang_back\target\classes started by jooye in D:\FullStack\workspace\springboot-react-project\springboot_react_project\webjjang_back)
[2026-07-08 10:07:20.978] [INFO ] [restartedMain] com.webjjang.api.WebjjangBackApplication No active profile set, falling back to 1 default profile: "default"
[2026-07-08 10:07:21.180] [INFO ] [restartedMain] org.springframework.boot.devtools.env.DevToolsPropertyDefaultsPostProcessor Devtools property defaults active! Set 'spring.devtools.add-properties' to 'false' to disable
[2026-07-08 10:07:21.184] [INFO ] [restartedMain] org.springframework.boot.devtools.env.DevToolsPropertyDefaultsPostProcessor For additional web related logging consider setting the 'logging.level.web' property to 'DEBUG'
[2026-07-08 10:07:25.890] [INFO ] [restartedMain] org.springframework.data.repository.config.RepositoryConfigurationDelegate Bootstrapping Spring Data JPA repositories in DEFAULT mode.
[2026-07-08 10:07:26.316] [INFO ] [restartedMain] org.springframework.data.repository.config.RepositoryConfigurationDelegate Finished Spring Data repository scanning in 382 ms. Found 3 JPA repository interfaces.
[2026-07-08 10:07:30.503] [INFO ] [restartedMain] org.springframework.boot.web.embedded.tomcat.TomcatWebServer Tomcat initialized with port 80 (http)
[2026-07-08 10:07:30.602] [INFO ] [restartedMain] org.apache.coyote.http11.Http11NioProtocol Initializing ProtocolHandler ["http-nio-80"]
[2026-07-08 10:07:30.607] [INFO ] [restartedMain] org.apache.catalina.core.StandardService Starting service [Tomcat]
[2026-07-08 10:07:30.608] [INFO ] [restartedMain] org.apache.catalina.core.StandardEngine Starting Servlet engine: [Apache Tomcat/10.1.55]
[2026-07-08 10:07:31.233] [INFO ] [restartedMain] org.apache.catalina.core.ContainerBase.[Tomcat].[localhost].[/] Initializing Spring embedded WebApplicationContext
[2026-07-08 10:07:31.235] [INFO ] [restartedMain] org.springframework.boot.web.servlet.context.ServletWebServerApplicationContext Root WebApplicationContext: initialization completed in 10048 ms
[2026-07-08 10:07:32.353] [INFO ] [restartedMain] org.hibernate.jpa.internal.util.LogHelper HHH000204: Processing PersistenceUnitInfo [name: default]
[2026-07-08 10:07:32.566] [INFO ] [restartedMain] org.hibernate.Version HHH000412: Hibernate ORM core version 6.6.53.Final
[2026-07-08 10:07:32.691] [INFO ] [restartedMain] org.hibernate.cache.internal.RegionFactoryInitiator HHH000026: Second-level cache disabled
[2026-07-08 10:07:33.627] [INFO ] [restartedMain] org.springframework.orm.jpa.persistenceunit.SpringPersistenceUnitInfo No LoadTimeWeaver setup: ignoring JPA class transformer
[2026-07-08 10:07:33.746] [INFO ] [restartedMain] com.zaxxer.hikari.HikariDataSource HikariPool-1 - Starting...
[2026-07-08 10:07:34.069] [INFO ] [restartedMain] com.zaxxer.hikari.pool.HikariPool HikariPool-1 - Added connection org.mariadb.jdbc.Connection@87104e8
[2026-07-08 10:07:34.073] [INFO ] [restartedMain] com.zaxxer.hikari.HikariDataSource HikariPool-1 - Start completed.
[2026-07-08 10:07:34.305] [INFO ] [restartedMain] org.hibernate.orm.connections.pooling HHH10001005: Database info:
	Database JDBC URL [Connecting through datasource 'HikariDataSource (HikariPool-1)']
	Database driver: undefined/unknown
	Database version: 10.6.27
	Autocommit mode: undefined/unknown
	Isolation level: undefined/unknown
	Minimum pool size: undefined/unknown
	Maximum pool size: undefined/unknown
[2026-07-08 10:07:37.394] [INFO ] [restartedMain] org.hibernate.engine.transaction.jta.platform.internal.JtaPlatformInitiator HHH000489: No JTA platform available (set 'hibernate.transaction.jta.platform' to enable JTA platform integration)
[2026-07-08 10:07:37.981] [INFO ] [restartedMain] org.springframework.orm.jpa.LocalContainerEntityManagerFactoryBean Initialized JPA EntityManagerFactory for persistence unit 'default'
[2026-07-08 10:07:40.062] [INFO ] [restartedMain] com.webjjang.api.config.security.JwtTokenProvider [init] JwtTokenProvider 내 secretKey 이용 key 초기화 시작
[2026-07-08 10:07:40.076] [INFO ] [restartedMain] com.webjjang.api.config.security.JwtTokenProvider [init] JwtTokenProvider 내 secretKey 이용 key 초기화 초기화 완료
[2026-07-08 10:07:40.520] [WARN ] [restartedMain] org.springframework.boot.autoconfigure.orm.jpa.JpaBaseConfiguration$JpaWebConfiguration spring.jpa.open-in-view is enabled by default. Therefore, database queries may be performed during view rendering. Explicitly configure spring.jpa.open-in-view to disable this warning
[2026-07-08 10:07:40.637] [WARN ] [restartedMain] org.springframework.boot.autoconfigure.security.servlet.UserDetailsServiceAutoConfiguration 

Using generated security password: 4f949720-9a6b-4b61-99df-c5f15d9dfaa2

This generated password is for development use only. Your security configuration must be updated before running your application in production.

[2026-07-08 10:07:40.661] [INFO ] [restartedMain] org.springframework.security.config.annotation.authentication.configuration.InitializeUserDetailsBeanManagerConfigurer$InitializeUserDetailsManagerConfigurer Global AuthenticationManager configured with UserDetailsService bean with name inMemoryUserDetailsManager
[2026-07-08 10:07:41.707] [INFO ] [restartedMain] org.springframework.boot.actuate.endpoint.web.EndpointLinksResolver Exposing 1 endpoint beneath base path '/actuator'
[2026-07-08 10:07:41.771] [WARN ] [restartedMain] org.springframework.security.config.annotation.web.configurers.AuthorizeHttpRequestsConfigurer$AuthorizationManagerRequestMatcherRegistry One of the patterns in [**/board/**] is missing a leading slash. This is discouraged; please include the leading slash in all your request matcher patterns. In future versions of Spring Security, leaving out the leading slash will result in an exception.
[2026-07-08 10:07:41.776] [WARN ] [restartedMain] org.springframework.security.config.annotation.web.configurers.AuthorizeHttpRequestsConfigurer$AuthorizationManagerRequestMatcherRegistry One of the patterns in [**exception**] is missing a leading slash. This is discouraged; please include the leading slash in all your request matcher patterns. In future versions of Spring Security, leaving out the leading slash will result in an exception.
[2026-07-08 10:07:42.989] [INFO ] [restartedMain] org.springframework.boot.devtools.autoconfigure.OptionalLiveReloadServer LiveReload server is running on port 35729
[2026-07-08 10:07:43.164] [INFO ] [restartedMain] org.apache.coyote.http11.Http11NioProtocol Starting ProtocolHandler ["http-nio-80"]
[2026-07-08 10:07:43.235] [INFO ] [restartedMain] org.springframework.boot.web.embedded.tomcat.TomcatWebServer Tomcat started on port 80 (http) with context path '/'
[2026-07-08 10:07:43.294] [INFO ] [restartedMain] com.webjjang.api.WebjjangBackApplication Started WebjjangBackApplication in 24.345 seconds (process running for 27.552)
[2026-07-08 10:07:43.312] [WARN ] [restartedMain] org.springdoc.core.events.SpringDocAppInitializer SpringDoc /v3/api-docs endpoint is enabled by default. To disable it in production, set the property 'springdoc.api-docs.enabled=false'
[2026-07-08 10:07:43.312] [WARN ] [restartedMain] org.springdoc.core.events.SpringDocAppInitializer SpringDoc /swagger-ui.html endpoint is enabled by default. To disable it in production, set the property 'springdoc.swagger-ui.enabled=false'
[2026-07-08 10:07:44.251] [INFO ] [RMI TCP Connection(2)-192.168.56.1] org.apache.catalina.core.ContainerBase.[Tomcat].[localhost].[/] Initializing Spring DispatcherServlet 'dispatcherServlet'
[2026-07-08 10:07:44.252] [INFO ] [RMI TCP Connection(2)-192.168.56.1] org.springframework.web.servlet.DispatcherServlet Initializing Servlet 'dispatcherServlet'
[2026-07-08 10:07:44.259] [INFO ] [RMI TCP Connection(2)-192.168.56.1] org.springframework.web.servlet.DispatcherServlet Completed initialization in 7 ms
[2026-07-08 10:07:46.288] [INFO ] [http-nio-80-exec-1] com.webjjang.api.config.security.JwtTokenProvider [resolveToken] Http 헤더에서 Token 값을 추출
[2026-07-08 10:07:46.298] [INFO ] [http-nio-80-exec-1] com.webjjang.api.config.security.JwtAuthenticationFilter [doFilterInternal] token 값 추출 완료. token : null
[2026-07-08 10:07:46.298] [INFO ] [http-nio-80-exec-1] com.webjjang.api.config.security.JwtAuthenticationFilter [doFilterInternal] token 값 유효성 체크 시작
[2026-07-08 10:07:46.299] [INFO ] [http-nio-80-exec-1] com.webjjang.api.config.security.JwtAuthenticationFilter [doFilterInternal] token 값 유효성 체크 완료
[2026-07-08 10:07:46.463] [INFO ] [http-nio-80-exec-2] com.webjjang.api.config.security.JwtTokenProvider [resolveToken] Http 헤더에서 Token 값을 추출
[2026-07-08 10:07:46.464] [INFO ] [http-nio-80-exec-2] com.webjjang.api.config.security.JwtAuthenticationFilter [doFilterInternal] token 값 추출 완료. token : null
[2026-07-08 10:07:46.468] [INFO ] [http-nio-80-exec-2] com.webjjang.api.config.security.JwtAuthenticationFilter [doFilterInternal] token 값 유효성 체크 시작
[2026-07-08 10:07:46.468] [INFO ] [http-nio-80-exec-2] com.webjjang.api.config.security.JwtAuthenticationFilter [doFilterInternal] token 값 유효성 체크 완료
[2026-07-08 10:07:46.709] [INFO ] [http-nio-80-exec-3] com.webjjang.api.config.security.JwtTokenProvider [resolveToken] Http 헤더에서 Token 값을 추출
[2026-07-08 10:07:46.710] [INFO ] [http-nio-80-exec-3] com.webjjang.api.config.security.JwtAuthenticationFilter [doFilterInternal] token 값 추출 완료. token : null
[2026-07-08 10:07:46.710] [INFO ] [http-nio-80-exec-3] com.webjjang.api.config.security.JwtAuthenticationFilter [doFilterInternal] token 값 유효성 체크 시작
[2026-07-08 10:07:46.711] [INFO ] [http-nio-80-exec-3] com.webjjang.api.config.security.JwtAuthenticationFilter [doFilterInternal] token 값 유효성 체크 완료
[2026-07-08 10:07:46.987] [INFO ] [http-nio-80-exec-5] com.webjjang.api.config.security.JwtTokenProvider [resolveToken] Http 헤더에서 Token 값을 추출
[2026-07-08 10:07:46.988] [INFO ] [http-nio-80-exec-5] com.webjjang.api.config.security.JwtAuthenticationFilter [doFilterInternal] token 값 추출 완료. token : null
[2026-07-08 10:07:46.988] [INFO ] [http-nio-80-exec-5] com.webjjang.api.config.security.JwtAuthenticationFilter [doFilterInternal] token 값 유효성 체크 시작
[2026-07-08 10:07:46.988] [INFO ] [http-nio-80-exec-5] com.webjjang.api.config.security.JwtAuthenticationFilter [doFilterInternal] token 값 유효성 체크 완료
[2026-07-08 10:07:47.910] [INFO ] [http-nio-80-exec-5] org.springdoc.api.AbstractOpenApiResource Init duration for springdoc-openapi is: 874 ms
[2026-07-08 10:20:33.460] [INFO ] [File Watcher] org.springframework.boot.devtools.autoconfigure.LocalDevToolsAutoConfiguration$RestartingClassPathChangeChangedEventListener Restarting due to 1 class path change (0 additions, 1 deletion, 0 modifications)
[2026-07-08 10:20:33.470] [INFO ] [Thread-5] org.springframework.boot.web.embedded.tomcat.GracefulShutdown Commencing graceful shutdown. Waiting for active requests to complete
[2026-07-08 10:20:33.473] [INFO ] [tomcat-shutdown] org.apache.coyote.http11.Http11NioProtocol Pausing ProtocolHandler ["http-nio-80"]
[2026-07-08 10:20:34.601] [INFO ] [tomcat-shutdown] org.springframework.boot.web.embedded.tomcat.GracefulShutdown Graceful shutdown complete
[2026-07-08 10:20:34.602] [INFO ] [Thread-5] org.apache.coyote.http11.Http11NioProtocol Stopping ProtocolHandler ["http-nio-80"]
[2026-07-08 10:20:34.621] [INFO ] [Thread-5] org.springframework.orm.jpa.LocalContainerEntityManagerFactoryBean Closing JPA EntityManagerFactory for persistence unit 'default'
[2026-07-08 10:20:34.629] [INFO ] [Thread-5] com.zaxxer.hikari.HikariDataSource HikariPool-1 - Shutdown initiated...
[2026-07-08 10:20:34.638] [INFO ] [Thread-5] com.zaxxer.hikari.HikariDataSource HikariPool-1 - Shutdown completed.
[2026-07-08 10:20:34.852] [INFO ] [restartedMain] com.webjjang.api.WebjjangBackApplication Starting WebjjangBackApplication using Java 17.0.11 with PID 2088 (D:\FullStack\workspace\springboot-react-project\springboot_react_project\webjjang_back\target\classes started by jooye in D:\FullStack\workspace\springboot-react-project\springboot_react_project\webjjang_back)
[2026-07-08 10:20:34.852] [INFO ] [restartedMain] com.webjjang.api.WebjjangBackApplication No active profile set, falling back to 1 default profile: "default"
[2026-07-08 10:20:36.223] [INFO ] [restartedMain] org.springframework.data.repository.config.RepositoryConfigurationDelegate Bootstrapping Spring Data JPA repositories in DEFAULT mode.
[2026-07-08 10:20:36.384] [INFO ] [restartedMain] org.springframework.data.repository.config.RepositoryConfigurationDelegate Finished Spring Data repository scanning in 157 ms. Found 3 JPA repository interfaces.
[2026-07-08 10:20:36.799] [INFO ] [restartedMain] org.springframework.boot.web.embedded.tomcat.TomcatWebServer Tomcat initialized with port 80 (http)
[2026-07-08 10:20:36.801] [INFO ] [restartedMain] org.apache.coyote.http11.Http11NioProtocol Initializing ProtocolHandler ["http-nio-80"]
[2026-07-08 10:20:36.802] [INFO ] [restartedMain] org.apache.catalina.core.StandardService Starting service [Tomcat]
[2026-07-08 10:20:36.803] [INFO ] [restartedMain] org.apache.catalina.core.StandardEngine Starting Servlet engine: [Apache Tomcat/10.1.55]
[2026-07-08 10:20:37.054] [INFO ] [restartedMain] org.apache.catalina.core.ContainerBase.[Tomcat].[localhost].[/] Initializing Spring embedded WebApplicationContext
[2026-07-08 10:20:37.055] [INFO ] [restartedMain] org.springframework.boot.web.servlet.context.ServletWebServerApplicationContext Root WebApplicationContext: initialization completed in 2197 ms
[2026-07-08 10:20:37.359] [INFO ] [restartedMain] org.hibernate.jpa.internal.util.LogHelper HHH000204: Processing PersistenceUnitInfo [name: default]
[2026-07-08 10:20:37.366] [INFO ] [restartedMain] org.hibernate.cache.internal.RegionFactoryInitiator HHH000026: Second-level cache disabled
[2026-07-08 10:20:37.399] [INFO ] [restartedMain] org.springframework.orm.jpa.persistenceunit.SpringPersistenceUnitInfo No LoadTimeWeaver setup: ignoring JPA class transformer
[2026-07-08 10:20:37.402] [INFO ] [restartedMain] com.zaxxer.hikari.HikariDataSource HikariPool-2 - Starting...
[2026-07-08 10:20:37.416] [INFO ] [restartedMain] com.zaxxer.hikari.pool.HikariPool HikariPool-2 - Added connection org.mariadb.jdbc.Connection@44c98c1b
[2026-07-08 10:20:37.416] [INFO ] [restartedMain] com.zaxxer.hikari.HikariDataSource HikariPool-2 - Start completed.
[2026-07-08 10:20:37.419] [INFO ] [restartedMain] org.hibernate.orm.connections.pooling HHH10001005: Database info:
	Database JDBC URL [Connecting through datasource 'HikariDataSource (HikariPool-2)']
	Database driver: undefined/unknown
	Database version: 10.6.27
	Autocommit mode: undefined/unknown
	Isolation level: undefined/unknown
	Minimum pool size: undefined/unknown
	Maximum pool size: undefined/unknown
[2026-07-08 10:20:37.732] [INFO ] [restartedMain] org.hibernate.engine.transaction.jta.platform.internal.JtaPlatformInitiator HHH000489: No JTA platform available (set 'hibernate.transaction.jta.platform' to enable JTA platform integration)
[2026-07-08 10:20:38.118] [INFO ] [restartedMain] org.springframework.orm.jpa.LocalContainerEntityManagerFactoryBean Initialized JPA EntityManagerFactory for persistence unit 'default'
[2026-07-08 10:20:38.139] [WARN ] [restartedMain] org.springframework.boot.web.servlet.context.AnnotationConfigServletWebServerApplicationContext Exception encountered during context initialization - cancelling refresh attempt: org.springframework.beans.factory.UnsatisfiedDependencyException: Error creating bean with name 'boardRestController' defined in file [D:\FullStack\workspace\springboot-react-project\springboot_react_project\webjjang_back\target\classes\com\webjjang\api\board\controller\BoardRestController.class]: Unsatisfied dependency expressed through constructor parameter 0: No qualifying bean of type 'com.webjjang.api.board.service.BoardService' available: expected at least 1 bean which qualifies as autowire candidate. Dependency annotations: {}
[2026-07-08 10:20:38.140] [INFO ] [restartedMain] org.springframework.orm.jpa.LocalContainerEntityManagerFactoryBean Closing JPA EntityManagerFactory for persistence unit 'default'
[2026-07-08 10:20:38.141] [INFO ] [restartedMain] com.zaxxer.hikari.HikariDataSource HikariPool-2 - Shutdown initiated...
[2026-07-08 10:20:38.147] [INFO ] [restartedMain] com.zaxxer.hikari.HikariDataSource HikariPool-2 - Shutdown completed.
[2026-07-08 10:20:38.148] [INFO ] [restartedMain] org.apache.catalina.core.StandardService Stopping service [Tomcat]
[2026-07-08 10:20:38.191] [INFO ] [restartedMain] org.springframework.boot.autoconfigure.logging.ConditionEvaluationReportLogger 

Error starting ApplicationContext. To display the condition evaluation report re-run your application with 'debug' enabled.
[2026-07-08 10:20:38.259] [ERROR] [restartedMain] org.springframework.boot.diagnostics.LoggingFailureAnalysisReporter 

***************************
APPLICATION FAILED TO START
***************************

Description:

Parameter 0 of constructor in com.webjjang.api.board.controller.BoardRestController required a bean of type 'com.webjjang.api.board.service.BoardService' that could not be found.


Action:

Consider defining a bean of type 'com.webjjang.api.board.service.BoardService' in your configuration.

[2026-07-08 10:20:39.857] [INFO ] [restartedMain] com.webjjang.api.WebjjangBackApplication Starting WebjjangBackApplication using Java 17.0.11 with PID 2088 (D:\FullStack\workspace\springboot-react-project\springboot_react_project\webjjang_back\target\classes started by jooye in D:\FullStack\workspace\springboot-react-project\springboot_react_project\webjjang_back)
[2026-07-08 10:20:39.857] [INFO ] [restartedMain] com.webjjang.api.WebjjangBackApplication No active profile set, falling back to 1 default profile: "default"
[2026-07-08 10:20:41.596] [INFO ] [restartedMain] org.springframework.data.repository.config.RepositoryConfigurationDelegate Bootstrapping Spring Data JPA repositories in DEFAULT mode.
[2026-07-08 10:20:41.746] [INFO ] [restartedMain] org.springframework.data.repository.config.RepositoryConfigurationDelegate Finished Spring Data repository scanning in 146 ms. Found 3 JPA repository interfaces.
[2026-07-08 10:20:42.133] [INFO ] [restartedMain] org.springframework.boot.web.embedded.tomcat.TomcatWebServer Tomcat initialized with port 80 (http)
[2026-07-08 10:20:42.170] [INFO ] [restartedMain] org.apache.coyote.http11.Http11NioProtocol Initializing ProtocolHandler ["http-nio-80"]
[2026-07-08 10:20:42.197] [INFO ] [restartedMain] org.apache.catalina.core.StandardService Starting service [Tomcat]
[2026-07-08 10:20:42.198] [INFO ] [restartedMain] org.apache.catalina.core.StandardEngine Starting Servlet engine: [Apache Tomcat/10.1.55]
[2026-07-08 10:20:42.501] [INFO ] [restartedMain] org.apache.catalina.core.ContainerBase.[Tomcat-1].[localhost].[/] Initializing Spring embedded WebApplicationContext
[2026-07-08 10:20:42.502] [INFO ] [restartedMain] org.springframework.boot.web.servlet.context.ServletWebServerApplicationContext Root WebApplicationContext: initialization completed in 2641 ms
[2026-07-08 10:20:42.736] [INFO ] [restartedMain] org.hibernate.jpa.internal.util.LogHelper HHH000204: Processing PersistenceUnitInfo [name: default]
[2026-07-08 10:20:42.744] [INFO ] [restartedMain] org.hibernate.cache.internal.RegionFactoryInitiator HHH000026: Second-level cache disabled
[2026-07-08 10:20:42.766] [INFO ] [restartedMain] org.springframework.orm.jpa.persistenceunit.SpringPersistenceUnitInfo No LoadTimeWeaver setup: ignoring JPA class transformer
[2026-07-08 10:20:42.768] [INFO ] [restartedMain] com.zaxxer.hikari.HikariDataSource HikariPool-3 - Starting...
[2026-07-08 10:20:42.776] [INFO ] [restartedMain] com.zaxxer.hikari.pool.HikariPool HikariPool-3 - Added connection org.mariadb.jdbc.Connection@6ca09ca9
[2026-07-08 10:20:42.776] [INFO ] [restartedMain] com.zaxxer.hikari.HikariDataSource HikariPool-3 - Start completed.
[2026-07-08 10:20:42.779] [INFO ] [restartedMain] org.hibernate.orm.connections.pooling HHH10001005: Database info:
	Database JDBC URL [Connecting through datasource 'HikariDataSource (HikariPool-3)']
	Database driver: undefined/unknown
	Database version: 10.6.27
	Autocommit mode: undefined/unknown
	Isolation level: undefined/unknown
	Minimum pool size: undefined/unknown
	Maximum pool size: undefined/unknown
[2026-07-08 10:20:42.975] [INFO ] [restartedMain] org.hibernate.engine.transaction.jta.platform.internal.JtaPlatformInitiator HHH000489: No JTA platform available (set 'hibernate.transaction.jta.platform' to enable JTA platform integration)
[2026-07-08 10:20:43.367] [INFO ] [restartedMain] org.springframework.orm.jpa.LocalContainerEntityManagerFactoryBean Initialized JPA EntityManagerFactory for persistence unit 'default'
[2026-07-08 10:20:43.530] [INFO ] [restartedMain] com.webjjang.api.config.security.JwtTokenProvider [init] JwtTokenProvider 내 secretKey 이용 key 초기화 시작
[2026-07-08 10:20:43.531] [INFO ] [restartedMain] com.webjjang.api.config.security.JwtTokenProvider [init] JwtTokenProvider 내 secretKey 이용 key 초기화 초기화 완료
[2026-07-08 10:20:43.627] [WARN ] [restartedMain] org.springframework.boot.autoconfigure.orm.jpa.JpaBaseConfiguration$JpaWebConfiguration spring.jpa.open-in-view is enabled by default. Therefore, database queries may be performed during view rendering. Explicitly configure spring.jpa.open-in-view to disable this warning
[2026-07-08 10:20:43.670] [WARN ] [restartedMain] org.springframework.boot.autoconfigure.security.servlet.UserDetailsServiceAutoConfiguration 

Using generated security password: 4c03561d-e742-4e5d-9ecf-3b976438c92a

This generated password is for development use only. Your security configuration must be updated before running your application in production.

[2026-07-08 10:20:43.673] [INFO ] [restartedMain] org.springframework.security.config.annotation.authentication.configuration.InitializeUserDetailsBeanManagerConfigurer$InitializeUserDetailsManagerConfigurer Global AuthenticationManager configured with UserDetailsService bean with name inMemoryUserDetailsManager
[2026-07-08 10:20:44.053] [INFO ] [restartedMain] org.springframework.boot.actuate.endpoint.web.EndpointLinksResolver Exposing 1 endpoint beneath base path '/actuator'
[2026-07-08 10:20:44.089] [WARN ] [restartedMain] org.springframework.security.config.annotation.web.configurers.AuthorizeHttpRequestsConfigurer$AuthorizationManagerRequestMatcherRegistry One of the patterns in [**/board/**] is missing a leading slash. This is discouraged; please include the leading slash in all your request matcher patterns. In future versions of Spring Security, leaving out the leading slash will result in an exception.
[2026-07-08 10:20:44.092] [WARN ] [restartedMain] org.springframework.security.config.annotation.web.configurers.AuthorizeHttpRequestsConfigurer$AuthorizationManagerRequestMatcherRegistry One of the patterns in [**exception**] is missing a leading slash. This is discouraged; please include the leading slash in all your request matcher patterns. In future versions of Spring Security, leaving out the leading slash will result in an exception.
[2026-07-08 10:20:44.467] [INFO ] [restartedMain] org.springframework.boot.devtools.autoconfigure.OptionalLiveReloadServer LiveReload server is running on port 35729
[2026-07-08 10:20:44.509] [INFO ] [restartedMain] org.apache.coyote.http11.Http11NioProtocol Starting ProtocolHandler ["http-nio-80"]
[2026-07-08 10:20:44.519] [INFO ] [restartedMain] org.springframework.boot.web.embedded.tomcat.TomcatWebServer Tomcat started on port 80 (http) with context path '/'
[2026-07-08 10:20:44.546] [INFO ] [restartedMain] com.webjjang.api.WebjjangBackApplication Started WebjjangBackApplication in 4.769 seconds (process running for 808.805)
[2026-07-08 10:20:44.550] [WARN ] [restartedMain] org.springdoc.core.events.SpringDocAppInitializer SpringDoc /v3/api-docs endpoint is enabled by default. To disable it in production, set the property 'springdoc.api-docs.enabled=false'
[2026-07-08 10:20:44.550] [WARN ] [restartedMain] org.springdoc.core.events.SpringDocAppInitializer SpringDoc /swagger-ui.html endpoint is enabled by default. To disable it in production, set the property 'springdoc.swagger-ui.enabled=false'
[2026-07-08 10:20:44.555] [INFO ] [restartedMain] org.springframework.boot.devtools.autoconfigure.ConditionEvaluationDeltaLoggingListener Condition evaluation unchanged
